2019-12-01 21:20:58,462-root-INFO-Relayer Server starting...
2019-12-01 21:23:09,460-root-INFO-Relayer Server starting...
2019-12-01 21:27:13,152-root-INFO-Relayer Server starting...
2019-12-01 21:54:19,907-root-INFO-Relayer Server starting...
2019-12-01 21:55:34,692-root-INFO-Relayer Server starting...
2019-12-01 22:04:07,835-root-INFO-Relayer Server starting...
2019-12-01 22:23:12,958-root-INFO-listenTCP 9630...
2019-12-01 22:23:13,064-root-INFO-listenSSL 9631...
2019-12-01 22:23:13,066-root-INFO-listenTCP 9632...
2019-12-01 22:23:13,067-root-INFO-Reactor Running...
2019-12-01 22:24:13,821-root-INFO-Reactor stopping...
2019-12-01 22:24:27,121-root-INFO-listenTCP 9630...
2019-12-01 22:24:27,232-root-INFO-listenSSL 9631...
2019-12-01 22:24:27,234-root-INFO-listenTCP 9632...
2019-12-01 22:24:27,235-root-INFO-Reactor Running...
2019-12-01 22:24:56,967-root-INFO-Reactor stopping...
2019-12-01 22:25:22,738-root-INFO-listenTCP 9630...
2019-12-01 22:25:22,846-root-INFO-listenSSL 9631...
2019-12-01 22:25:22,847-root-INFO-listenTCP 9632...
2019-12-01 22:25:22,848-root-INFO-Reactor Running...
2019-12-01 22:26:22,281-root-INFO-Reactor stopping...
2019-12-01 22:27:06,968-root-INFO-listenTCP 9630...
2019-12-01 22:27:07,073-root-INFO-listenSSL 9631...
2019-12-01 22:27:07,074-root-INFO-listenTCP 9632...
2019-12-01 22:27:07,075-root-INFO-Reactor Running...
2019-12-01 22:28:12,565-root-INFO-Reactor stopping...
2019-12-01 22:46:50,678-root-INFO-listenTCP 9630...
2019-12-01 22:46:50,707-root-INFO-listenSSL 9631...
2019-12-01 22:46:50,710-root-INFO-listenTCP 9632...
2019-12-01 22:46:50,711-root-INFO-Reactor Running...
2019-12-01 23:34:15,108-root-INFO-Reactor stopping...
2019-12-01 23:35:11,739-root-INFO-listenTCP 9630...
2019-12-01 23:35:11,762-root-INFO-listenSSL 9631...
2019-12-01 23:35:11,764-root-INFO-listenTCP 9632...
2019-12-01 23:35:11,764-root-INFO-Reactor Running...
